Build started 11/01/2015 1:17:57.
     1>Project "D:\Users\Jorge\Documents\Programacion\Programas\C++\VS-2012\LastStand-2\LastStand\LastStand\LastStand.vcxproj" on node 2 (Build target(s)).
     1>InitializeBuildStatus:
         Creating "Debug\LastStand.tlog\unsuccessfulbuild" because "AlwaysCreate" was specified.
       ClCompile:
         D:\Program Files (x86)\Microsoft Visual Studio 12.0\VC\bin\CL.exe /c /ID:\SDK\SDL\include /ZI /nologo /W3 /WX- /sdl /Od /Oy- /D _MBCS /Gm /EHsc /RTC1 /MD /GS /fp:precise /Zc:wchar_t /Zc:forScope /Fo"Debug\\" /Fd"Debug\vc120.pdb" /Gd /TP /analyze- /errorReport:prompt FE_LOG.cpp InputManager.cpp main.cpp RenderWindow.cpp ResourceManager.cpp Root.cpp Shader.cpp Viewport.cpp
         ResourceManager.cpp
         Generating Code...
         Compiling...
         Viewport.cpp
         Shader.cpp
         Root.cpp
         RenderWindow.cpp
         main.cpp
         InputManager.cpp
     1>d:\users\jorge\documents\programacion\programas\c++\vs-2012\laststand-2\laststand\laststand\inputmanager.cpp(18): warning C4244: '=' : conversion from 'double' to 'int', possible loss of data
         Generating Code...
         Skipping... (no relevant changes detected)
         FE_LOG.cpp
       Link:
         D:\Program Files (x86)\Microsoft Visual Studio 12.0\VC\bin\link.exe /ERRORREPORT:PROMPT /OUT:"D:\Users\Jorge\Documents\Programacion\Programas\C++\VS-2012\LastStand-2\LastStand\Debug\LastStand.exe" /INCREMENTAL /NOLOGO /LIBPATH:D:\SDK\SDL\lib\x86 SDL2.lib SDL2main.lib glew32.lib opengl32.lib kernel32.lib user32.lib gdi32.lib winspool.lib comdlg32.lib advapi32.lib shell32.lib ole32.lib oleaut32.lib uuid.lib odbc32.lib odbccp32.lib /MANIFEST /MANIFESTUAC:"level='asInvoker' uiAccess='false'" /manifest:embed /DEBUG /PDB:"D:\Users\Jorge\Documents\Programacion\Programas\C++\VS-2012\LastStand-2\LastStand\Debug\LastStand.pdb" /SUBSYSTEM:CONSOLE /TLBID:1 /DYNAMICBASE /NXCOMPAT /IMPLIB:"D:\Users\Jorge\Documents\Programacion\Programas\C++\VS-2012\LastStand-2\LastStand\Debug\LastStand.lib" /MACHINE:X86 Debug\FE_LOG.obj
         Debug\InputManager.obj
         Debug\main.obj
         Debug\RenderWindow.obj
         Debug\ResourceManager.obj
         Debug\Root.obj
         Debug\Shader.obj
         Debug\Vector3.obj
         Debug\Viewport.obj
         LastStand.vcxproj -> D:\Users\Jorge\Documents\Programacion\Programas\C++\VS-2012\LastStand-2\LastStand\Debug\LastStand.exe
       FinalizeBuildStatus:
         Deleting file "Debug\LastStand.tlog\unsuccessfulbuild".
         Touching "Debug\LastStand.tlog\LastStand.lastbuildstate".
     1>Done Building Project "D:\Users\Jorge\Documents\Programacion\Programas\C++\VS-2012\LastStand-2\LastStand\LastStand\LastStand.vcxproj" (Build target(s)).

Build succeeded.

Time Elapsed 00:00:07.67
